[12:54:20.905] [INFO] Storybook upgrade - v10.2.17
[12:54:20.908] [INFO] detect-projects-spinner-start: Detecting projects...
[12:54:20.912] [INFO] detect-projects-spinner: Detecting projects: 1 projects
[12:54:20.912] [DEBUG] Getting Storybook data...
[12:54:20.912] [DEBUG] Getting Storybook info...
[12:54:20.928] [DEBUG] SB_CORE-SERVER_0006 (MainFileMissingError): No configuration files have been found in your configDir: [33m.storybook-app[39m.
Storybook needs a "main.js|ts" file, please add it.

You can pass a --config-dir flag to tell Storybook, where your main.js|ts file is located at.

More info: https://storybook.js.org/docs/configure?ref=error

[12:54:20.928] [INFO] detect-projects-spinner-stop: 1 project detected
[12:54:20.928] [DEBUG] Found 0 valid projects and 1 error projects
[12:54:20.930] [ERROR] Failed to get projects
[12:54:20.931] [ERROR] [38;2;241;97;97mError: ❌ Storybook found errors while collecting data for the following projects:
.storybook-app:
SB_CORE-SERVER_0006 (MainFileMissingError): No configuration files have been found in your configDir: [33m.storybook-app[39m.
Storybook needs a "main.js|ts" file, please add it.

You can pass a --config-dir flag to tell Storybook, where your main.js|ts file is located at.

More info: https://storybook.js.org/docs/configure?ref=error

    at validateConfigurationFiles (file:///root/.npm/_npx/d80003e6561624d3/node_modules/storybook/dist/_node-chunks/chunk-LZBZZS4H.js:9971:11)
    at async loadMainConfig (file:///root/.npm/_npx/d80003e6561624d3/node_modules/storybook/dist/_node-chunks/chunk-LZBZZS4H.js:11675:3)
    at async getStorybookInfo (file:///root/.npm/_npx/d80003e6561624d3/node_modules/storybook/dist/_node-chunks/chunk-LZBZZS4H.js:11798:59)
    at async getStorybookData (file:///root/.npm/_npx/d80003e6561624d3/node_modules/@storybook/cli/dist/_node-chunks/chunk-OSKEG7AI.js:169:7)
    at async processProject (file:///root/.npm/_npx/d80003e6561624d3/node_modules/@storybook/cli/dist/_node-chunks/chunk-OSKEG7AI.js:304:9)
Please fix the errors and run the upgrade command again.[39m
    at getProjects (file:///root/.npm/_npx/d80003e6561624d3/node_modules/@storybook/cli/dist/_node-chunks/chunk-OSKEG7AI.js:477:13)
    at async upgrade (file:///root/.npm/_npx/d80003e6561624d3/node_modules/@storybook/cli/dist/_node-chunks/run-6ED5MEVK.js:9470:24)
    at async file:///root/.npm/_npx/d80003e6561624d3/node_modules/@storybook/cli/dist/_node-chunks/run-6ED5MEVK.js:9669:70
    at async withTelemetry (file:///root/.npm/_npx/d80003e6561624d3/node_modules/storybook/dist/_node-chunks/chunk-FTTIUZEI.js:218:12)
    at async Command.<anonymous> (file:///root/.npm/_npx/d80003e6561624d3/node_modules/@storybook/cli/dist/_node-chunks/run-6ED5MEVK.js:9665:3)
[12:54:21.497] [ERROR] Error: ❌ Storybook found errors while collecting data for the following projects:
.storybook-app:
SB_CORE-SERVER_0006 (MainFileMissingError): No configuration files have been found in your configDir: [33m.storybook-app[39m.
Storybook needs a "main.js|ts" file, please add it.

You can pass a --config-dir flag to tell Storybook, where your main.js|ts file is located at.

More info: https://storybook.js.org/docs/configure?ref=error

    at validateConfigurationFiles (file:///root/.npm/_npx/d80003e6561624d3/node_modules/storybook/dist/_node-chunks/chunk-LZBZZS4H.js:9971:11)
    at async loadMainConfig (file:///root/.npm/_npx/d80003e6561624d3/node_modules/storybook/dist/_node-chunks/chunk-LZBZZS4H.js:11675:3)
    at async getStorybookInfo (file:///root/.npm/_npx/d80003e6561624d3/node_modules/storybook/dist/_node-chunks/chunk-LZBZZS4H.js:11798:59)
    at async getStorybookData (file:///root/.npm/_npx/d80003e6561624d3/node_modules/@storybook/cli/dist/_node-chunks/chunk-OSKEG7AI.js:169:7)
    at async processProject (file:///root/.npm/_npx/d80003e6561624d3/node_modules/@storybook/cli/dist/_node-chunks/chunk-OSKEG7AI.js:304:9)
Please fix the errors and run the upgrade command again.